<?xml version="1.0" encoding="utf-8"?><testsuites name="pytest tests"><testsuite name="pytest" errors="0" failures="0" skipped="0" tests="44" time="5.405" timestamp="2026-07-10T05:18:40.968920+00:00" hostname="agent-env-3a9410ce-6906-45bf-90ae-404534090de1"><testcase classname="backend.tests.backend_test" name="test_root" time="0.303" /><testcase classname="backend.tests.backend_test" name="test_health_endpoint" time="0.044" /><testcase classname="backend.tests.backend_test" name="test_featured_products_exactly_8" time="0.082" /><testcase classname="backend.tests.backend_test" name="test_categories" time="0.040" /><testcase classname="backend.tests.backend_test" name="test_products_list_seeded_64" time="0.057" /><testcase classname="backend.tests.backend_test" name="test_new_eco_product_detail[eco-luft-wasser-wp-wifi]" time="0.044" /><testcase classname="backend.tests.backend_test" name="test_new_eco_product_detail[eco-all-in-one-warmwasser-boiler]" time="0.041" /><testcase classname="backend.tests.backend_test" name="test_new_eco_product_detail[eco-luft-wasser-wp-warmwasser]" time="0.045" /><testcase classname="backend.tests.backend_test" name="test_new_eco_product_detail[eco-r290-full-inverter-luft-wasser]" time="0.043" /><testcase classname="backend.tests.backend_test" name="test_new_eco_product_detail[eco-heizung-kuehlung-haushalts-warmwasser]" time="0.042" /><testcase classname="backend.tests.backend_test" name="test_all_new_eco_slugs_in_list" time="0.047" /><testcase classname="backend.tests.backend_test" name="test_products_filter_category_waermepumpen" time="0.042" /><testcase classname="backend.tests.backend_test" name="test_products_filter_featured" time="0.044" /><testcase classname="backend.tests.backend_test" name="test_product_detail_jnod" time="0.048" /><testcase classname="backend.tests.backend_test" name="test_product_detail_invalid_slug" time="0.043" /><testcase classname="backend.tests.backend_test" name="test_post_inquiry" time="0.099" /><testcase classname="backend.tests.backend_test" name="test_post_contact" time="0.045" /><testcase classname="backend.tests.backend_test" name="test_stats" time="0.054" /><testcase classname="backend.tests.backend_test" name="test_stripe_checkout_session_creates_with_valid_cart" time="1.026" /><testcase classname="backend.tests.backend_test" name="test_stripe_checkout_empty_cart_rejected" time="0.040" /><testcase classname="backend.tests.backend_test" name="test_stripe_checkout_invalid_slug_400" time="0.053" /><testcase classname="backend.tests.test_admin_auth.TestAuth" name="test_login_success_returns_token_and_user" time="0.359" /><testcase classname="backend.tests.test_admin_auth.TestAuth" name="test_login_wrong_password_401_german_detail" time="0.276" /><testcase classname="backend.tests.test_admin_auth.TestAuth" name="test_login_unknown_email_401" time="0.047" /><testcase classname="backend.tests.test_admin_auth.TestAuth" name="test_me_with_valid_token" time="0.599" /><testcase classname="backend.tests.test_admin_auth.TestAuth" name="test_me_without_token_401" time="0.095" /><testcase classname="backend.tests.test_admin_auth.TestAuth" name="test_me_with_malformed_token_401" time="0.130" /><testcase classname="backend.tests.test_admin_auth.TestAdminLists" name="test_inquiries_requires_auth" time="0.091" /><testcase classname="backend.tests.test_admin_auth.TestAdminLists" name="test_inquiries_with_auth_returns_list" time="0.046" /><testcase classname="backend.tests.test_admin_auth.TestAdminLists" name="test_contacts_requires_auth" time="0.092" /><testcase classname="backend.tests.test_admin_auth.TestAdminLists" name="test_contacts_with_auth_returns_list" time="0.048" /><testcase classname="backend.tests.test_admin_auth.TestAdminLists" name="test_inquiries_sorted_desc" time="0.148" /><testcase classname="backend.tests.test_admin_auth.TestAdminProductCRUD" name="test_create_then_get_then_update_then_delete" time="0.511" /><testcase classname="backend.tests.test_admin_auth.TestAdminProductCRUD" name="test_create_requires_auth" time="0.110" /><testcase classname="backend.tests.test_admin_auth.TestPublicAndJnod" name="test_products_count_55" time="0.063" /><testcase classname="backend.tests.test_admin_auth.TestPublicAndJnod" name="test_building_tech_neu_exists" time="0.045" /><testcase classname="backend.tests.test_admin_auth.TestPublicAndJnod" name="test_jnod_slug_resolves_with_lieferzeit[jnod-jmu50hcinv-top-discharge-r290]" time="0.048" /><testcase classname="backend.tests.test_admin_auth.TestPublicAndJnod" name="test_jnod_slug_resolves_with_lieferzeit[jnod-j12hwh-r290-all-in-one-75c]" time="0.047" /><testcase classname="backend.tests.test_admin_auth.TestPublicAndJnod" name="test_jnod_slug_resolves_with_lieferzeit[jnod-low-noise-r290-floor-heating]" time="0.048" /><testcase classname="backend.tests.test_admin_auth.TestPublicAndJnod" name="test_jnod_slug_resolves_with_lieferzeit[jnod-j12hw200v2-acs-200l-all-in-one]" time="0.051" /><testcase classname="backend.tests.test_admin_auth.TestPublicAndJnod" name="test_jnod_slug_resolves_with_lieferzeit[jnod-jme50hc-r290-full-dc-inverter-22kw]" time="0.046" /><testcase classname="backend.tests.test_admin_auth.TestPublicAndJnod" name="test_categories" time="0.046" /><testcase classname="backend.tests.test_admin_auth.TestPublicAndJnod" name="test_stats" time="0.046" /><testcase classname="backend.tests.test_admin_auth.TestPublicAndJnod" name="test_inquiry_post_graceful_with_empty_resend_key" time="0.048" /></testsuite></testsuites>