<?xml version="1.0" encoding="utf-8"?><testsuites name="pytest tests"><testsuite name="pytest" errors="0" failures="0" skipped="0" tests="23" time="3.945" timestamp="2026-06-06T15:14:22.460063+00:00" hostname="agent-env-3a9410ce-6906-45bf-90ae-404534090de1"><testcase classname="backend.tests.test_admin_auth.TestAuth" name="test_login_success_returns_token_and_user" time="0.412" /><testcase classname="backend.tests.test_admin_auth.TestAuth" name="test_login_wrong_password_401_german_detail" time="0.271" /><testcase classname="backend.tests.test_admin_auth.TestAuth" name="test_login_unknown_email_401" time="0.052" /><testcase classname="backend.tests.test_admin_auth.TestAuth" name="test_me_with_valid_token" time="0.317" /><testcase classname="backend.tests.test_admin_auth.TestAuth" name="test_me_without_token_401" time="0.133" /><testcase classname="backend.tests.test_admin_auth.TestAuth" name="test_me_with_malformed_token_401" time="0.104" /><testcase classname="backend.tests.test_admin_auth.TestAdminLists" name="test_inquiries_requires_auth" time="1.152" /><testcase classname="backend.tests.test_admin_auth.TestAdminLists" name="test_inquiries_with_auth_returns_list" time="0.065" /><testcase classname="backend.tests.test_admin_auth.TestAdminLists" name="test_contacts_requires_auth" time="0.106" /><testcase classname="backend.tests.test_admin_auth.TestAdminLists" name="test_contacts_with_auth_returns_list" time="0.051" /><testcase classname="backend.tests.test_admin_auth.TestAdminLists" name="test_inquiries_sorted_desc" time="0.142" /><testcase classname="backend.tests.test_admin_auth.TestAdminProductCRUD" name="test_create_then_get_then_update_then_delete" time="0.429" /><testcase classname="backend.tests.test_admin_auth.TestAdminProductCRUD" name="test_create_requires_auth" time="0.105" /><testcase classname="backend.tests.test_admin_auth.TestPublicAndJnod" name="test_products_count_55" time="0.061" /><testcase classname="backend.tests.test_admin_auth.TestPublicAndJnod" name="test_building_tech_neu_exists" time="0.053" /><testcase classname="backend.tests.test_admin_auth.TestPublicAndJnod" name="test_jnod_slug_resolves_with_lieferzeit[jnod-jmu50hcinv-top-discharge-r290]" time="0.059" /><testcase classname="backend.tests.test_admin_auth.TestPublicAndJnod" name="test_jnod_slug_resolves_with_lieferzeit[jnod-j12hwh-r290-all-in-one-75c]" time="0.057" /><testcase classname="backend.tests.test_admin_auth.TestPublicAndJnod" name="test_jnod_slug_resolves_with_lieferzeit[jnod-low-noise-r290-floor-heating]" time="0.050" /><testcase classname="backend.tests.test_admin_auth.TestPublicAndJnod" name="test_jnod_slug_resolves_with_lieferzeit[jnod-j12hw200v2-acs-200l-all-in-one]" time="0.055" /><testcase classname="backend.tests.test_admin_auth.TestPublicAndJnod" name="test_jnod_slug_resolves_with_lieferzeit[jnod-jme50hc-r290-full-dc-inverter-22kw]" time="0.050" /><testcase classname="backend.tests.test_admin_auth.TestPublicAndJnod" name="test_categories" time="0.053" /><testcase classname="backend.tests.test_admin_auth.TestPublicAndJnod" name="test_stats" time="0.049" /><testcase classname="backend.tests.test_admin_auth.TestPublicAndJnod" name="test_inquiry_post_graceful_with_empty_resend_key" time="0.048" /></testsuite></testsuites>