<?xml version="1.0" encoding="utf-8"?><testsuites name="pytest tests"><testsuite name="pytest" errors="0" failures="0" skipped="0" tests="16" time="1.036" timestamp="2026-06-06T15:14:12.340234+00:00" hostname="agent-env-3a9410ce-6906-45bf-90ae-404534090de1"><testcase classname="backend.tests.backend_test" name="test_root" time="0.179" /><testcase classname="backend.tests.backend_test" name="test_categories" time="0.046" /><testcase classname="backend.tests.backend_test" name="test_products_list_seeded_64" time="0.070" /><testcase classname="backend.tests.backend_test" name="test_new_eco_product_detail[eco-luft-wasser-wp-wifi]" time="0.050" /><testcase classname="backend.tests.backend_test" name="test_new_eco_product_detail[eco-all-in-one-warmwasser-boiler]" time="0.049" /><testcase classname="backend.tests.backend_test" name="test_new_eco_product_detail[eco-luft-wasser-wp-warmwasser]" time="0.048" /><testcase classname="backend.tests.backend_test" name="test_new_eco_product_detail[eco-r290-full-inverter-luft-wasser]" time="0.048" /><testcase classname="backend.tests.backend_test" name="test_new_eco_product_detail[eco-heizung-kuehlung-haushalts-warmwasser]" time="0.047" /><testcase classname="backend.tests.backend_test" name="test_all_new_eco_slugs_in_list" time="0.056" /><testcase classname="backend.tests.backend_test" name="test_products_filter_category_waermepumpen" time="0.048" /><testcase classname="backend.tests.backend_test" name="test_products_filter_featured" time="0.052" /><testcase classname="backend.tests.backend_test" name="test_product_detail_jnod" time="0.049" /><testcase classname="backend.tests.backend_test" name="test_product_detail_invalid_slug" time="0.060" /><testcase classname="backend.tests.backend_test" name="test_post_inquiry" time="0.050" /><testcase classname="backend.tests.backend_test" name="test_post_contact" time="0.049" /><testcase classname="backend.tests.backend_test" name="test_stats" time="0.050" /></testsuite></testsuites>